[13:34:29] [Server thread/INFO]: Starting minecraft server version 1.8.8
[13:34:29] [Server thread/INFO]: Loading properties
[13:34:29] [Server thread/INFO]: Default game type: SURVIVAL
[13:34:29] [Server thread/INFO]: This server is running CraftBukkit version git-PaperSpigot-445 (MC: 1.8.8) (Implementing API version 1.8.8-R0.1-SNAPSHOT)
[13:34:29] [Server thread/INFO]: Debug logging is disabled
[13:34:29] [Server thread/INFO]: Spigot Timings: true - Verbose: true - Interval: 5m - Length: 60m
[13:34:29] [Server thread/INFO]: Server Ping Player Sample Count: 12

[13:34:29] [Server thread/INFO]: Using 4 threads for Netty based IO
[13:34:29] [Server thread/INFO]: Data value allowed items: 
[13:34:29] [Server thread/WARN]: java.lang.NoSuchFieldException: modifiers

[13:34:29] [Server thread/WARN]: 	at java.base/java.lang.Class.getDeclaredField(Class.java:2782)

[13:34:29] [Server thread/WARN]: 	at org.github.paperspigot.PaperSpigotConfig.stackableBuckets(PaperSpigotConfig.java:192)

[13:34:29] [Server thread/WARN]: 	at java.base/jdk.internal.reflect.DirectMethodHandleAccessor.invoke(DirectMethodHandleAccessor.java:103)

[13:34:29] [Server thread/WARN]: 	at java.base/java.lang.reflect.Method.invoke(Method.java:580)

[13:34:29] [Server thread/WARN]: 	at org.github.paperspigot.PaperSpigotConfig.readConfig(PaperSpigotConfig.java:84)

[13:34:29] [Server thread/WARN]: 	at org.github.paperspigot.PaperSpigotConfig.init(PaperSpigotConfig.java:62)

[13:34:29] [Server thread/WARN]: 	at net.minecraft.server.v1_8_R3.DedicatedServer.init(DedicatedServer.java:181)

[13:34:29] [Server thread/WARN]: 	at net.minecraft.server.v1_8_R3.MinecraftServer.run(MinecraftServer.java:563)

[13:34:29] [Server thread/WARN]: 	at java.base/java.lang.Thread.run(Thread.java:1583)

[13:34:29] [Server thread/INFO]: Generating keypair
[13:34:30] [Server thread/INFO]: Starting Minecraft server on localhost:25565
[13:34:30] [Server thread/INFO]: Your platform does not provide complete low-level API for accessing direct buffers reliably. Unless explicitly requested, heap buffer will always be preferred to avoid potential system unstability.
[13:34:30] [Server thread/INFO]: Using default channel type
[13:34:30] [Server thread/INFO]: Set PluginClassLoader as parallel capable
[13:34:30] [Server thread/INFO]: [SimpleTpa] Loading SimpleTpa v6.4
[13:34:30] [Server thread/INFO]: [SimpleHomes] Loading SimpleHomes v2.2
[13:34:30] [Server thread/INFO]: [WorldEdit] Loading WorldEdit v6.1;no_git_id
[13:34:30] [Server thread/INFO]: [InvSee] Loading InvSee v1.0
[13:34:30] [Server thread/INFO]: [SetSpawn] Loading SetSpawn v1.0
[13:34:30] [Server thread/INFO]: [PlayerKits] Loading PlayerKits v2.27.1
[13:34:30] [Server thread/INFO]: [PowerRanks] Loading PowerRanks v0.0.5
[13:34:30] [Server thread/INFO]: [LoginSecurity] Loading LoginSecurity v3.2.0
[13:34:30] [Server thread/INFO]: [GriefPrevention] Loading GriefPrevention v13.9.1
[13:34:30] [Server thread/INFO]: [CustomCommands] Loading CustomCommands v2.3.1
[13:34:30] [Server thread/WARN]: **** SERVER IS RUNNING IN OFFLINE/INSECURE MODE!
[13:34:30] [Server thread/WARN]: The server will make no attempt to authenticate usernames. Beware.
[13:34:30] [Server thread/WARN]: Whilst this makes it possible to use BungeeCord, unless access to your server is properly restricted, it also opens up the ability for hackers to connect with any username they choose.
[13:34:30] [Server thread/WARN]: Please see http://www.spigotmc.org/wiki/firewall-guide/ for further information.
[13:34:30] [Server thread/WARN]: To change this, set "online-mode" to "true" in the server.properties file.
[13:34:30] [Server thread/INFO]: **** Beginning UUID conversion, this may take A LONG time ****
[13:34:30] [Server thread/INFO]: Preparing level "world"
[13:34:30] [Server thread/INFO]: -------- World Settings For [world] --------
[13:34:30] [Server thread/INFO]: Mob Spawn Range: 4
[13:34:30] [Server thread/INFO]: Anti X-Ray: true
[13:34:30] [Server thread/INFO]: 	Engine Mode: 1
[13:34:30] [Server thread/INFO]: 	Hidden Blocks: [14, 15, 16, 21, 48, 49, 54, 56, 73, 74, 82, 129, 130]
[13:34:30] [Server thread/INFO]: 	Replace Blocks: [1, 5]
[13:34:30] [Server thread/INFO]: Nerfing mobs spawned from spawners: false
[13:34:30] [Server thread/INFO]: Cactus Growth Modifier: 100%
[13:34:30] [Server thread/INFO]: Cane Growth Modifier: 100%
[13:34:30] [Server thread/INFO]: Melon Growth Modifier: 100%
[13:34:30] [Server thread/INFO]: Mushroom Growth Modifier: 100%
[13:34:30] [Server thread/INFO]: Pumpkin Growth Modifier: 100%
[13:34:30] [Server thread/INFO]: Sapling Growth Modifier: 100%
[13:34:30] [Server thread/INFO]: Wheat Growth Modifier: 100%
[13:34:30] [Server thread/INFO]: NetherWart Growth Modifier: 100%
[13:34:30] [Server thread/INFO]: Entity Activation Range: An 32 / Mo 32 / Mi 16
[13:34:30] [Server thread/INFO]: Entity Tracking Range: Pl 48 / An 48 / Mo 48 / Mi 32 / Other 64
[13:34:30] [Server thread/INFO]: Hopper Transfer: 8 Hopper Check: 8 Hopper Amount: 1
[13:34:30] [Server thread/INFO]: Random Lighting Updates: false
[13:34:30] [Server thread/INFO]: Structure Info Saving: true
[13:34:30] [Server thread/INFO]: Sending up to 10 chunks per packet
[13:34:30] [Server thread/INFO]: Max Entity Collisions: 8
[13:34:30] [Server thread/INFO]: Custom Map Seeds:  Village: 10387312 Feature: 14357617
[13:34:30] [Server thread/INFO]: Max TNT Explosions: 100
[13:34:30] [Server thread/INFO]: Tile Max Tick Time: 50ms Entity max Tick Time: 50ms
[13:34:30] [Server thread/INFO]: Item Despawn Rate: 6000
[13:34:30] [Server thread/INFO]: Item Merge Radius: 2.5
[13:34:30] [Server thread/INFO]: View Distance: 4
[13:34:30] [Server thread/INFO]: Arrow Despawn Rate: 1200
[13:34:30] [Server thread/INFO]: Allow Zombie Pigmen to spawn from portal blocks: true
[13:34:30] [Server thread/INFO]: Zombie Aggressive Towards Villager: true
[13:34:30] [Server thread/INFO]: Chunks to Grow per Tick: 650
[13:34:30] [Server thread/INFO]: Clear tick list: false
[13:34:30] [Server thread/INFO]: Experience Merge Radius: 3.0
[13:34:30] [Server thread/INFO]: -------- World Settings For [world] --------
[13:34:30] [Server thread/INFO]: Player blocking damage multiplier set to 0.5
[13:34:30] [Server thread/INFO]: Squids will spawn between Y: 45.0 and Y: 63.0
[13:34:30] [Server thread/INFO]: Max height for cactus growth 3. Max height for reed growth 3
[13:34:30] [Server thread/INFO]: Remove invalid mob spawner tile entities: true
[13:34:30] [Server thread/INFO]: Living Entity Despawn Ranges:  Soft: 32 Hard: 128
[13:34:30] [Server thread/INFO]: Water over lava flow speed: 5
[13:34:30] [Server thread/INFO]: Fix TNT cannons: false
[13:34:30] [Server thread/INFO]: Allow undead horse types to be leashed: false
[13:34:30] [Server thread/INFO]: Keep spawn chunk loaded: true
[13:34:30] [Server thread/INFO]: World async lighting: false
[13:34:30] [Server thread/INFO]: WorldServer TickNextTick cap set at 10000
[13:34:30] [Server thread/INFO]: WorldServer TickNextTickList cap always processes redstone: false
[13:34:30] [Server thread/INFO]: -------- World Settings For [world_nether] --------
[13:34:30] [Server thread/INFO]: Mob Spawn Range: 4
[13:34:30] [Server thread/INFO]: Anti X-Ray: true
[13:34:30] [Server thread/INFO]: 	Engine Mode: 1
[13:34:30] [Server thread/INFO]: 	Hidden Blocks: [14, 15, 16, 21, 48, 49, 54, 56, 73, 74, 82, 129, 130]
[13:34:30] [Server thread/INFO]: 	Replace Blocks: [1, 5]
[13:34:30] [Server thread/INFO]: Nerfing mobs spawned from spawners: false
[13:34:30] [Server thread/INFO]: Cactus Growth Modifier: 100%
[13:34:30] [Server thread/INFO]: Cane Growth Modifier: 100%
[13:34:30] [Server thread/INFO]: Melon Growth Modifier: 100%
[13:34:30] [Server thread/INFO]: Mushroom Growth Modifier: 100%
[13:34:30] [Server thread/INFO]: Pumpkin Growth Modifier: 100%
[13:34:30] [Server thread/INFO]: Sapling Growth Modifier: 100%
[13:34:30] [Server thread/INFO]: Wheat Growth Modifier: 100%
[13:34:30] [Server thread/INFO]: NetherWart Growth Modifier: 100%
[13:34:30] [Server thread/INFO]: Entity Activation Range: An 32 / Mo 32 / Mi 16
[13:34:30] [Server thread/INFO]: Entity Tracking Range: Pl 48 / An 48 / Mo 48 / Mi 32 / Other 64
[13:34:30] [Server thread/INFO]: Hopper Transfer: 8 Hopper Check: 8 Hopper Amount: 1
[13:34:30] [Server thread/INFO]: Random Lighting Updates: false
[13:34:30] [Server thread/INFO]: Structure Info Saving: true
[13:34:30] [Server thread/INFO]: Sending up to 10 chunks per packet
[13:34:30] [Server thread/INFO]: Max Entity Collisions: 8
[13:34:30] [Server thread/INFO]: Custom Map Seeds:  Village: 10387312 Feature: 14357617
[13:34:30] [Server thread/INFO]: Max TNT Explosions: 100
[13:34:30] [Server thread/INFO]: Tile Max Tick Time: 50ms Entity max Tick Time: 50ms
[13:34:30] [Server thread/INFO]: Item Despawn Rate: 6000
[13:34:30] [Server thread/INFO]: Item Merge Radius: 2.5
[13:34:30] [Server thread/INFO]: View Distance: 4
[13:34:30] [Server thread/INFO]: Arrow Despawn Rate: 1200
[13:34:30] [Server thread/INFO]: Allow Zombie Pigmen to spawn from portal blocks: true
[13:34:30] [Server thread/INFO]: Zombie Aggressive Towards Villager: true
[13:34:30] [Server thread/INFO]: Chunks to Grow per Tick: 650
[13:34:30] [Server thread/INFO]: Clear tick list: false
[13:34:30] [Server thread/INFO]: Experience Merge Radius: 3.0
[13:34:30] [Server thread/INFO]: -------- World Settings For [world_nether] --------
[13:34:30] [Server thread/INFO]: Player blocking damage multiplier set to 0.5
[13:34:30] [Server thread/INFO]: Squids will spawn between Y: 45.0 and Y: 63.0
[13:34:30] [Server thread/INFO]: Max height for cactus growth 3. Max height for reed growth 3
[13:34:30] [Server thread/INFO]: Remove invalid mob spawner tile entities: true
[13:34:30] [Server thread/INFO]: Living Entity Despawn Ranges:  Soft: 32 Hard: 128
[13:34:30] [Server thread/INFO]: Water over lava flow speed: 5
[13:34:30] [Server thread/INFO]: Fix TNT cannons: false
[13:34:30] [Server thread/INFO]: Allow undead horse types to be leashed: false
[13:34:30] [Server thread/INFO]: Keep spawn chunk loaded: true
[13:34:30] [Server thread/INFO]: World async lighting: false
[13:34:30] [Server thread/INFO]: WorldServer TickNextTick cap set at 10000
[13:34:30] [Server thread/INFO]: WorldServer TickNextTickList cap always processes redstone: false
[13:34:30] [Server thread/INFO]: -------- World Settings For [world_the_end] --------
[13:34:30] [Server thread/INFO]: Mob Spawn Range: 4
[13:34:30] [Server thread/INFO]: Anti X-Ray: true
[13:34:30] [Server thread/INFO]: 	Engine Mode: 1
[13:34:30] [Server thread/INFO]: 	Hidden Blocks: [14, 15, 16, 21, 48, 49, 54, 56, 73, 74, 82, 129, 130]
[13:34:30] [Server thread/INFO]: 	Replace Blocks: [1, 5]
[13:34:30] [Server thread/INFO]: Nerfing mobs spawned from spawners: false
[13:34:30] [Server thread/INFO]: Cactus Growth Modifier: 100%
[13:34:30] [Server thread/INFO]: Cane Growth Modifier: 100%
[13:34:30] [Server thread/INFO]: Melon Growth Modifier: 100%
[13:34:30] [Server thread/INFO]: Mushroom Growth Modifier: 100%
[13:34:30] [Server thread/INFO]: Pumpkin Growth Modifier: 100%
[13:34:30] [Server thread/INFO]: Sapling Growth Modifier: 100%
[13:34:30] [Server thread/INFO]: Wheat Growth Modifier: 100%
[13:34:30] [Server thread/INFO]: NetherWart Growth Modifier: 100%
[13:34:30] [Server thread/INFO]: Entity Activation Range: An 32 / Mo 32 / Mi 16
[13:34:30] [Server thread/INFO]: Entity Tracking Range: Pl 48 / An 48 / Mo 48 / Mi 32 / Other 64
[13:34:30] [Server thread/INFO]: Hopper Transfer: 8 Hopper Check: 8 Hopper Amount: 1
[13:34:30] [Server thread/INFO]: Random Lighting Updates: false
[13:34:30] [Server thread/INFO]: Structure Info Saving: true
[13:34:30] [Server thread/INFO]: Sending up to 10 chunks per packet
[13:34:30] [Server thread/INFO]: Max Entity Collisions: 8
[13:34:30] [Server thread/INFO]: Custom Map Seeds:  Village: 10387312 Feature: 14357617
[13:34:30] [Server thread/INFO]: Max TNT Explosions: 100
[13:34:30] [Server thread/INFO]: Tile Max Tick Time: 50ms Entity max Tick Time: 50ms
[13:34:30] [Server thread/INFO]: Item Despawn Rate: 6000
[13:34:30] [Server thread/INFO]: Item Merge Radius: 2.5
[13:34:30] [Server thread/INFO]: View Distance: 4
[13:34:30] [Server thread/INFO]: Arrow Despawn Rate: 1200
[13:34:30] [Server thread/INFO]: Allow Zombie Pigmen to spawn from portal blocks: true
[13:34:30] [Server thread/INFO]: Zombie Aggressive Towards Villager: true
[13:34:30] [Server thread/INFO]: Chunks to Grow per Tick: 650
[13:34:30] [Server thread/INFO]: Clear tick list: false
[13:34:30] [Server thread/INFO]: Experience Merge Radius: 3.0
[13:34:30] [Server thread/INFO]: -------- World Settings For [world_the_end] --------
[13:34:30] [Server thread/INFO]: Player blocking damage multiplier set to 0.5
[13:34:30] [Server thread/INFO]: Squids will spawn between Y: 45.0 and Y: 63.0
[13:34:30] [Server thread/INFO]: Max height for cactus growth 3. Max height for reed growth 3
[13:34:30] [Server thread/INFO]: Remove invalid mob spawner tile entities: true
[13:34:30] [Server thread/INFO]: Living Entity Despawn Ranges:  Soft: 32 Hard: 128
[13:34:30] [Server thread/INFO]: Water over lava flow speed: 5
[13:34:30] [Server thread/INFO]: Fix TNT cannons: false
[13:34:30] [Server thread/INFO]: Allow undead horse types to be leashed: false
[13:34:30] [Server thread/INFO]: Keep spawn chunk loaded: true
[13:34:30] [Server thread/INFO]: World async lighting: false
[13:34:30] [Server thread/INFO]: WorldServer TickNextTick cap set at 10000
[13:34:30] [Server thread/INFO]: WorldServer TickNextTickList cap always processes redstone: false
[13:34:30] [Server thread/INFO]: Preparing start region for level 0 (Seed: -5751579316327735347)
[13:34:31] [Thread-5/INFO]: UUID of player Mandalorian is 6a810370-c197-33ba-9020-3c59c447a3d9
[13:34:31] [Server thread/INFO]: Preparing spawn area: 87%
[13:34:31] [Server thread/INFO]: Preparing start region for level 1 (Seed: -5751579316327735347)
[13:34:32] [Server thread/INFO]: Preparing spawn area: 71%
[13:34:32] [Server thread/INFO]: Preparing start region for level 2 (Seed: -5751579316327735347)
[13:34:33] [Server thread/INFO]: [SimpleTpa] Enabling SimpleTpa v6.4
[13:34:33] [Server thread/INFO]: [0;33;1m[21m[SimpleTpa] If you need support contact me at https://discord.gg/SZUkza9[m

[13:34:33] [Server thread/INFO]: [0;33;1m[21m[SimpleTpa] Simple Tpa has been enabled on version 6.4[m

[13:34:33] [Server thread/INFO]: Enabled metrics. You may opt-out by changing plugins/bStats/config.yml
[13:34:33] [Server thread/INFO]: [SimpleHomes] Enabling SimpleHomes v2.2
[13:34:33] [Server thread/INFO]: [WorldEdit] Enabling WorldEdit v6.1;no_git_id
[13:34:33] [Server thread/INFO]: WEPIF: Using the Bukkit Permissions API.
[13:34:33] [Server thread/INFO]: [WorldEdit] Using com.sk89q.worldedit.bukkit.adapter.impl.Spigot_v1_8_R3 as the Bukkit adapter
[13:34:33] [Server thread/INFO]: [InvSee] Enabling InvSee v1.0
[13:34:33] [Server thread/INFO]: [0;36;22m[InvSeePlugin] is Working![m

[13:34:33] [Server thread/INFO]: [SetSpawn] Enabling SetSpawn v1.0
[13:34:33] [Server thread/INFO]: [PlayerKits] Enabling PlayerKits v2.27.1
[13:34:33] [Server thread/INFO]: [0;30;1m[[0;31;22mPlayerKits[0;30;1m] [0;33;1mHas been enabled! [0;37;1mVersion: 2.27.1[m

[13:34:33] [Server thread/INFO]: [0;30;1m[[0;31;22mPlayerKits[0;30;1m] [0;33;1mThanks for using my plugin!  [0;37;1m~Ajneb97[m

[13:34:34] [Server thread/INFO]: [PowerRanks] Enabling PowerRanks v0.0.5
[13:34:34] [Server thread/WARN]: java.lang.NullPointerException: Cannot invoke "org.w3c.dom.Node.getChildNodes()" because "lastFile" is null

[13:34:34] [Server thread/WARN]: 	at me.winspeednl.PowerRanks.UpdateChecker.updateNeeded(UpdateChecker.java:37)

[13:34:34] [Server thread/WARN]: 	at me.winspeednl.PowerRanks.Main.onEnable(Main.java:59)

[13:34:34] [Server thread/WARN]: 	at org.bukkit.plugin.java.JavaPlugin.setEnabled(JavaPlugin.java:321)

[13:34:34] [Server thread/WARN]: 	at org.bukkit.plugin.java.JavaPluginLoader.enablePlugin(JavaPluginLoader.java:332)

[13:34:34] [Server thread/WARN]: 	at org.bukkit.plugin.SimplePluginManager.enablePlugin(SimplePluginManager.java:407)

[13:34:34] [Server thread/WARN]: 	at org.bukkit.craftbukkit.v1_8_R3.CraftServer.loadPlugin(CraftServer.java:359)

[13:34:34] [Server thread/WARN]: 	at org.bukkit.craftbukkit.v1_8_R3.CraftServer.enablePlugins(CraftServer.java:318)

[13:34:34] [Server thread/WARN]: 	at net.minecraft.server.v1_8_R3.MinecraftServer.s(MinecraftServer.java:408)

[13:34:34] [Server thread/WARN]: 	at net.minecraft.server.v1_8_R3.MinecraftServer.k(MinecraftServer.java:372)

[13:34:34] [Server thread/WARN]: 	at net.minecraft.server.v1_8_R3.MinecraftServer.a(MinecraftServer.java:327)

[13:34:34] [Server thread/WARN]: 	at net.minecraft.server.v1_8_R3.DedicatedServer.init(DedicatedServer.java:267)

[13:34:34] [Server thread/WARN]: 	at net.minecraft.server.v1_8_R3.MinecraftServer.run(MinecraftServer.java:563)

[13:34:34] [Server thread/WARN]: 	at java.base/java.lang.Thread.run(Thread.java:1583)

[13:34:34] [Server thread/INFO]: [PowerRanks] Enabled PowerRanks v0.0.5
[13:34:34] [Server thread/WARN]: org.bukkit.configuration.InvalidConfigurationException: while parsing a block mapping
 in 'string', line 2, column 2:
     OG:
     ^
expected <block end>, but found BlockMappingStart
 in 'string', line 11, column 3:
      Serf:
      ^


[13:34:34] [Server thread/WARN]: 	at org.bukkit.configuration.file.YamlConfiguration.loadFromString(YamlConfiguration.java:57)

[13:34:34] [Server thread/WARN]: 	at org.bukkit.configuration.file.FileConfiguration.load(FileConfiguration.java:226)

[13:34:34] [Server thread/WARN]: 	at org.bukkit.configuration.file.FileConfiguration.load(FileConfiguration.java:169)

[13:34:34] [Server thread/WARN]: 	at me.winspeednl.PowerRanks.Main.loadAllFiles(Main.java:162)

[13:34:34] [Server thread/WARN]: 	at me.winspeednl.PowerRanks.Main.onEnable(Main.java:103)

[13:34:34] [Server thread/WARN]: 	at org.bukkit.plugin.java.JavaPlugin.setEnabled(JavaPlugin.java:321)

[13:34:34] [Server thread/WARN]: 	at org.bukkit.plugin.java.JavaPluginLoader.enablePlugin(JavaPluginLoader.java:332)

[13:34:34] [Server thread/WARN]: 	at org.bukkit.plugin.SimplePluginManager.enablePlugin(SimplePluginManager.java:407)

[13:34:34] [Server thread/WARN]: 	at org.bukkit.craftbukkit.v1_8_R3.CraftServer.loadPlugin(CraftServer.java:359)

[13:34:34] [Server thread/WARN]: 	at org.bukkit.craftbukkit.v1_8_R3.CraftServer.enablePlugins(CraftServer.java:318)

[13:34:34] [Server thread/WARN]: 	at net.minecraft.server.v1_8_R3.MinecraftServer.s(MinecraftServer.java:408)

[13:34:34] [Server thread/WARN]: 	at net.minecraft.server.v1_8_R3.MinecraftServer.k(MinecraftServer.java:372)

[13:34:34] [Server thread/WARN]: 	at net.minecraft.server.v1_8_R3.MinecraftServer.a(MinecraftServer.java:327)

[13:34:34] [Server thread/WARN]: 	at net.minecraft.server.v1_8_R3.DedicatedServer.init(DedicatedServer.java:267)

[13:34:34] [Server thread/WARN]: 	at net.minecraft.server.v1_8_R3.MinecraftServer.run(MinecraftServer.java:563)

[13:34:34] [Server thread/WARN]: 	at java.base/java.lang.Thread.run(Thread.java:1583)

[13:34:34] [Server thread/WARN]: Caused by: while parsing a block mapping
 in 'string', line 2, column 2:
     OG:
     ^
expected <block end>, but found BlockMappingStart
 in 'string', line 11, column 3:
      Serf:
      ^


[13:34:34] [Server thread/WARN]: 	at org.yaml.snakeyaml.parser.ParserImpl$ParseBlockMappingKey.produce(ParserImpl.java:570)

[13:34:34] [Server thread/WARN]: 	at org.yaml.snakeyaml.parser.ParserImpl.peekEvent(ParserImpl.java:158)

[13:34:34] [Server thread/WARN]: 	at org.yaml.snakeyaml.parser.ParserImpl.checkEvent(ParserImpl.java:143)

[13:34:34] [Server thread/WARN]: 	at org.yaml.snakeyaml.composer.Composer.composeMappingNode(Composer.java:224)

[13:34:34] [Server thread/WARN]: 	at org.yaml.snakeyaml.composer.Composer.composeNode(Composer.java:155)

[13:34:34] [Server thread/WARN]: 	at org.yaml.snakeyaml.composer.Composer.composeMappingNode(Composer.java:229)

[13:34:34] [Server thread/WARN]: 	at org.yaml.snakeyaml.composer.Composer.composeNode(Composer.java:155)

[13:34:34] [Server thread/WARN]: 	at org.yaml.snakeyaml.composer.Composer.composeDocument(Composer.java:122)

[13:34:34] [Server thread/WARN]: 	at org.yaml.snakeyaml.composer.Composer.getSingleNode(Composer.java:105)

[13:34:34] [Server thread/WARN]: 	at org.yaml.snakeyaml.constructor.BaseConstructor.getSingleData(BaseConstructor.java:120)

[13:34:34] [Server thread/WARN]: 	at org.yaml.snakeyaml.Yaml.loadFromReader(Yaml.java:450)

[13:34:34] [Server thread/WARN]: 	at org.yaml.snakeyaml.Yaml.load(Yaml.java:369)

[13:34:34] [Server thread/WARN]: 	at org.bukkit.configuration.file.YamlConfiguration.loadFromString(YamlConfiguration.java:55)

[13:34:34] [Server thread/WARN]: 	... 15 more

[13:34:34] [Server thread/INFO]: [LoginSecurity] Enabling LoginSecurity v3.2.0
[13:34:34] [Server thread/INFO]: [LoginSecurity] Loading base translations from "en_us"
[13:34:34] [Server thread/INFO]: [LoginSecurity] Loading specified translations from "en_us"
[13:34:34] [Server thread/INFO]: [LoginSecurity] Registering commands...
[13:34:34] [Server thread/INFO]: [LoginSecurity] Registering listeners...
[13:34:34] [Server thread/INFO]: [GriefPrevention] Enabling GriefPrevention v13.9.1
[13:34:34] [Server thread/INFO]: GriefPrevention: Grief Prevention boot start.
[13:34:34] [Server thread/INFO]: GriefPrevention: Finished loading configuration.
[13:34:34] [Server thread/INFO]: GriefPrevention: 1 total claims loaded.
[13:34:34] [Server thread/INFO]: GriefPrevention: Customizable messages loaded.
[13:34:34] [Server thread/INFO]: GriefPrevention: Finished loading data (File Mode).
[13:34:34] [Server thread/INFO]: GriefPrevention: Boot finished.
[13:34:34] [Server thread/INFO]: [CustomCommands] Enabling CustomCommands v2.3.1
[13:34:34] [Server thread/INFO]: [CustomCommands] Custom Commands plugin made with <3 by TitanDev, loading...
[13:34:34] [Server thread/INFO]: [CustomCommands] Loaded command CustomSimpleCommand, now registering it on spigot command map...
[13:34:34] [Server thread/INFO]: [CustomCommands] Loaded command CustomAdvancedCommand, now registering it on spigot command map...
[13:34:34] [Server thread/INFO]: [CustomCommands] Loaded command 1, now registering it on spigot command map...
[13:34:34] [Server thread/INFO]: [CustomCommands] Loaded command Nether, now registering it on spigot command map...
[13:34:34] [Server thread/INFO]: [CustomCommands] Loaded command End, now registering it on spigot command map...
[13:34:34] [Server thread/INFO]: V 0 false

[13:34:34] [Server thread/INFO]: 
------------------------------------------------------------------------------------------------------ _____           _                    _____                                           _     
/  __ \         | |                  /  __ \                                         | |    
| /  \/_   _ ___| |_ ___  _ __ ___   | /  \/ ___  _ __ ___  _ __ ___   __ _ _ __   __| |___ 
| |   | | | / __| __/ _ \| '_ ` _ \  | |    / _ \| '_ ` _ \| '_ ` _ \ / _` | '_ \ / _` / __|
| \__/\ |_| \__ \ || (_) | | | | | | | \__/\ (_) | | | | | | | | | | | (_| | | | | (_| \__ \
 \____/\__,_|___/\__\___/|_| |_| |_|  \____/\___/|_| |_| |_|_| |_| |_|\__,_|_| |_|\__,_|___/
                                                                                            
------------------------------------------------------------------------------------------------------

[13:34:34] [Server thread/INFO]: [CustomCommands] Plugin successfully loaded in 0s.
[13:34:34] [Server thread/INFO]: Server permissions file permissions.yml is empty, ignoring it
[13:34:34] [Server thread/INFO]: Done (4.612s)! For help, type "help" or "?"
[13:34:34] [Server thread/INFO]: Timings Reset
[13:34:34] [Craft Scheduler Thread - 0/INFO]: [0;31;1m[21m[SimpleTpa] There is a new update available.[m

[13:34:34] [Craft Scheduler Thread - 0/INFO]: [0;31;1m[SimpleTpa] There is a new update available:[m

[13:34:34] [Craft Scheduler Thread - 0/INFO]: [0;31;1m[SimpleTpa] https://www.spigotmc.org/resources/simple-tpa.64270/[m

[13:34:35] [Server thread/WARN]: org.bukkit.configuration.InvalidConfigurationException: while parsing a block mapping
 in 'string', line 2, column 2:
     OG:
     ^
expected <block end>, but found BlockMappingStart
 in 'string', line 11, column 3:
      Serf:
      ^


[13:34:35] [Server thread/WARN]: 	at org.bukkit.configuration.file.YamlConfiguration.loadFromString(YamlConfiguration.java:57)

[13:34:35] [Server thread/WARN]: 	at org.bukkit.configuration.file.FileConfiguration.load(FileConfiguration.java:226)

[13:34:35] [Server thread/WARN]: 	at org.bukkit.configuration.file.FileConfiguration.load(FileConfiguration.java:169)

[13:34:35] [Server thread/WARN]: 	at me.winspeednl.PowerRanks.Events.OnJoin.onPlayerJoin(OnJoin.java:31)

[13:34:35] [Server thread/WARN]: 	at java.base/jdk.internal.reflect.DirectMethodHandleAccessor.invoke(DirectMethodHandleAccessor.java:103)

[13:34:35] [Server thread/WARN]: 	at java.base/java.lang.reflect.Method.invoke(Method.java:580)

[13:34:35] [Server thread/WARN]: 	at org.bukkit.plugin.java.JavaPluginLoader$1.execute(JavaPluginLoader.java:300)

[13:34:35] [Server thread/WARN]: 	at co.aikar.timings.TimedEventExecutor.execute(TimedEventExecutor.java:78)

[13:34:35] [Server thread/WARN]: 	at org.bukkit.plugin.RegisteredListener.callEvent(RegisteredListener.java:62)

[13:34:35] [Server thread/WARN]: 	at org.bukkit.plugin.SimplePluginManager.fireEvent(SimplePluginManager.java:517)

[13:34:35] [Server thread/WARN]: 	at org.bukkit.plugin.SimplePluginManager.callEvent(SimplePluginManager.java:502)

[13:34:35] [Server thread/WARN]: 	at net.minecraft.server.v1_8_R3.PlayerList.onPlayerJoin(PlayerList.java:314)

[13:34:35] [Server thread/WARN]: 	at net.minecraft.server.v1_8_R3.PlayerList.a(PlayerList.java:173)

[13:34:35] [Server thread/WARN]: 	at net.minecraft.server.v1_8_R3.LoginListener.b(LoginListener.java:144)

[13:34:35] [Server thread/WARN]: 	at net.minecraft.server.v1_8_R3.LoginListener.c(LoginListener.java:54)

[13:34:35] [Server thread/WARN]: 	at net.minecraft.server.v1_8_R3.NetworkManager.a(NetworkManager.java:231)

[13:34:35] [Server thread/WARN]: 	at net.minecraft.server.v1_8_R3.ServerConnection.c(ServerConnection.java:148)

[13:34:35] [Server thread/WARN]: 	at net.minecraft.server.v1_8_R3.MinecraftServer.B(MinecraftServer.java:875)

[13:34:35] [Server thread/WARN]: 	at net.minecraft.server.v1_8_R3.DedicatedServer.B(DedicatedServer.java:378)

[13:34:35] [Server thread/WARN]: 	at net.minecraft.server.v1_8_R3.MinecraftServer.A(MinecraftServer.java:713)

[13:34:35] [Server thread/WARN]: 	at net.minecraft.server.v1_8_R3.MinecraftServer.run(MinecraftServer.java:616)

[13:34:35] [Server thread/WARN]: 	at java.base/java.lang.Thread.run(Thread.java:1583)

[13:34:35] [Server thread/WARN]: Caused by: while parsing a block mapping
 in 'string', line 2, column 2:
     OG:
     ^
expected <block end>, but found BlockMappingStart
 in 'string', line 11, column 3:
      Serf:
      ^


[13:34:35] [Server thread/WARN]: 	at org.yaml.snakeyaml.parser.ParserImpl$ParseBlockMappingKey.produce(ParserImpl.java:570)

[13:34:35] [Server thread/WARN]: 	at org.yaml.snakeyaml.parser.ParserImpl.peekEvent(ParserImpl.java:158)

[13:34:35] [Server thread/WARN]: 	at org.yaml.snakeyaml.parser.ParserImpl.checkEvent(ParserImpl.java:143)

[13:34:35] [Server thread/WARN]: 	at org.yaml.snakeyaml.composer.Composer.composeMappingNode(Composer.java:224)

[13:34:35] [Server thread/WARN]: 	at org.yaml.snakeyaml.composer.Composer.composeNode(Composer.java:155)

[13:34:35] [Server thread/WARN]: 	at org.yaml.snakeyaml.composer.Composer.composeMappingNode(Composer.java:229)

[13:34:35] [Server thread/WARN]: 	at org.yaml.snakeyaml.composer.Composer.composeNode(Composer.java:155)

[13:34:35] [Server thread/WARN]: 	at org.yaml.snakeyaml.composer.Composer.composeDocument(Composer.java:122)

[13:34:35] [Server thread/WARN]: 	at org.yaml.snakeyaml.composer.Composer.getSingleNode(Composer.java:105)

[13:34:35] [Server thread/WARN]: 	at org.yaml.snakeyaml.constructor.BaseConstructor.getSingleData(BaseConstructor.java:120)

[13:34:35] [Server thread/WARN]: 	at org.yaml.snakeyaml.Yaml.loadFromReader(Yaml.java:450)

[13:34:35] [Server thread/WARN]: 	at org.yaml.snakeyaml.Yaml.load(Yaml.java:369)

[13:34:35] [Server thread/WARN]: 	at org.bukkit.configuration.file.YamlConfiguration.loadFromString(YamlConfiguration.java:55)

[13:34:35] [Server thread/WARN]: 	... 21 more

[13:34:35] [Server thread/WARN]: org.bukkit.configuration.InvalidConfigurationException: while parsing a block mapping
 in 'string', line 2, column 2:
     OG:
     ^
expected <block end>, but found BlockMappingStart
 in 'string', line 11, column 3:
      Serf:
      ^


[13:34:35] [Server thread/WARN]: 	at org.bukkit.configuration.file.YamlConfiguration.loadFromString(YamlConfiguration.java:57)

[13:34:35] [Server thread/WARN]: 	at org.bukkit.configuration.file.FileConfiguration.load(FileConfiguration.java:226)

[13:34:35] [Server thread/WARN]: 	at org.bukkit.configuration.file.FileConfiguration.load(FileConfiguration.java:169)

[13:34:35] [Server thread/WARN]: 	at me.winspeednl.PowerRanks.Events.OnJoin.onPlayerJoin(OnJoin.java:50)

[13:34:35] [Server thread/WARN]: 	at java.base/jdk.internal.reflect.DirectMethodHandleAccessor.invoke(DirectMethodHandleAccessor.java:103)

[13:34:35] [Server thread/WARN]: 	at java.base/java.lang.reflect.Method.invoke(Method.java:580)

[13:34:35] [Server thread/WARN]: 	at org.bukkit.plugin.java.JavaPluginLoader$1.execute(JavaPluginLoader.java:300)

[13:34:35] [Server thread/WARN]: 	at co.aikar.timings.TimedEventExecutor.execute(TimedEventExecutor.java:78)

[13:34:35] [Server thread/WARN]: 	at org.bukkit.plugin.RegisteredListener.callEvent(RegisteredListener.java:62)

[13:34:35] [Server thread/WARN]: 	at org.bukkit.plugin.SimplePluginManager.fireEvent(SimplePluginManager.java:517)

[13:34:35] [Server thread/WARN]: 	at org.bukkit.plugin.SimplePluginManager.callEvent(SimplePluginManager.java:502)

[13:34:35] [Server thread/WARN]: 	at net.minecraft.server.v1_8_R3.PlayerList.onPlayerJoin(PlayerList.java:314)

[13:34:35] [Server thread/WARN]: 	at net.minecraft.server.v1_8_R3.PlayerList.a(PlayerList.java:173)

[13:34:35] [Server thread/WARN]: 	at net.minecraft.server.v1_8_R3.LoginListener.b(LoginListener.java:144)

[13:34:35] [Server thread/WARN]: 	at net.minecraft.server.v1_8_R3.LoginListener.c(LoginListener.java:54)

[13:34:35] [Server thread/WARN]: 	at net.minecraft.server.v1_8_R3.NetworkManager.a(NetworkManager.java:231)

[13:34:35] [Server thread/WARN]: 	at net.minecraft.server.v1_8_R3.ServerConnection.c(ServerConnection.java:148)

[13:34:35] [Server thread/WARN]: 	at net.minecraft.server.v1_8_R3.MinecraftServer.B(MinecraftServer.java:875)

[13:34:35] [Server thread/WARN]: 	at net.minecraft.server.v1_8_R3.DedicatedServer.B(DedicatedServer.java:378)

[13:34:35] [Server thread/WARN]: 	at net.minecraft.server.v1_8_R3.MinecraftServer.A(MinecraftServer.java:713)

[13:34:35] [Server thread/WARN]: 	at net.minecraft.server.v1_8_R3.MinecraftServer.run(MinecraftServer.java:616)

[13:34:35] [Server thread/WARN]: 	at java.base/java.lang.Thread.run(Thread.java:1583)

[13:34:35] [Server thread/WARN]: Caused by: while parsing a block mapping
 in 'string', line 2, column 2:
     OG:
     ^
expected <block end>, but found BlockMappingStart
 in 'string', line 11, column 3:
      Serf:
      ^


[13:34:35] [Server thread/WARN]: 	at org.yaml.snakeyaml.parser.ParserImpl$ParseBlockMappingKey.produce(ParserImpl.java:570)

[13:34:35] [Server thread/WARN]: 	at org.yaml.snakeyaml.parser.ParserImpl.peekEvent(ParserImpl.java:158)

[13:34:35] [Server thread/WARN]: 	at org.yaml.snakeyaml.parser.ParserImpl.checkEvent(ParserImpl.java:143)

[13:34:35] [Server thread/WARN]: 	at org.yaml.snakeyaml.composer.Composer.composeMappingNode(Composer.java:224)

[13:34:35] [Server thread/WARN]: 	at org.yaml.snakeyaml.composer.Composer.composeNode(Composer.java:155)

[13:34:35] [Server thread/WARN]: 	at org.yaml.snakeyaml.composer.Composer.composeMappingNode(Composer.java:229)

[13:34:35] [Server thread/WARN]: 	at org.yaml.snakeyaml.composer.Composer.composeNode(Composer.java:155)

[13:34:35] [Server thread/WARN]: 	at org.yaml.snakeyaml.composer.Composer.composeDocument(Composer.java:122)

[13:34:35] [Server thread/WARN]: 	at org.yaml.snakeyaml.composer.Composer.getSingleNode(Composer.java:105)

[13:34:35] [Server thread/WARN]: 	at org.yaml.snakeyaml.constructor.BaseConstructor.getSingleData(BaseConstructor.java:120)

[13:34:35] [Server thread/WARN]: 	at org.yaml.snakeyaml.Yaml.loadFromReader(Yaml.java:450)

[13:34:35] [Server thread/WARN]: 	at org.yaml.snakeyaml.Yaml.load(Yaml.java:369)

[13:34:35] [Server thread/WARN]: 	at org.bukkit.configuration.file.YamlConfiguration.loadFromString(YamlConfiguration.java:55)

[13:34:35] [Server thread/WARN]: 	... 21 more

[13:34:35] [Server thread/INFO]: Mandalorian[/[0:0:0:0:0:0:0:1]:55222] logged in with entity id 141 at ([world]118.0, 70.0, 48.0)
[13:35:06] [Server thread/INFO]: Mandalorian issued server command: /kit create Starter kit
[13:35:22] [Thread-10/INFO]: UUID of player smashed_potatoes is 38caa793-8114-3446-8c2a-15b122882c4e
[13:35:22] [Server thread/WARN]: org.bukkit.configuration.InvalidConfigurationException: while parsing a block mapping
 in 'string', line 2, column 2:
     OG:
     ^
expected <block end>, but found BlockMappingStart
 in 'string', line 11, column 3:
      Serf:
      ^


[13:35:22] [Server thread/WARN]: 	at org.bukkit.configuration.file.YamlConfiguration.loadFromString(YamlConfiguration.java:57)

[13:35:22] [Server thread/WARN]: 	at org.bukkit.configuration.file.FileConfiguration.load(FileConfiguration.java:226)

[13:35:22] [Server thread/WARN]: 	at org.bukkit.configuration.file.FileConfiguration.load(FileConfiguration.java:169)

[13:35:22] [Server thread/WARN]: 	at me.winspeednl.PowerRanks.Events.OnJoin.onPlayerJoin(OnJoin.java:31)

[13:35:22] [Server thread/WARN]: 	at java.base/jdk.internal.reflect.DirectMethodHandleAccessor.invoke(DirectMethodHandleAccessor.java:103)

[13:35:22] [Server thread/WARN]: 	at java.base/java.lang.reflect.Method.invoke(Method.java:580)

[13:35:22] [Server thread/WARN]: 	at org.bukkit.plugin.java.JavaPluginLoader$1.execute(JavaPluginLoader.java:300)

[13:35:22] [Server thread/WARN]: 	at co.aikar.timings.TimedEventExecutor.execute(TimedEventExecutor.java:78)

[13:35:22] [Server thread/WARN]: 	at org.bukkit.plugin.RegisteredListener.callEvent(RegisteredListener.java:62)

[13:35:22] [Server thread/WARN]: 	at org.bukkit.plugin.SimplePluginManager.fireEvent(SimplePluginManager.java:517)

[13:35:22] [Server thread/WARN]: 	at org.bukkit.plugin.SimplePluginManager.callEvent(SimplePluginManager.java:502)

[13:35:22] [Server thread/WARN]: 	at net.minecraft.server.v1_8_R3.PlayerList.onPlayerJoin(PlayerList.java:314)

[13:35:22] [Server thread/WARN]: 	at net.minecraft.server.v1_8_R3.PlayerList.a(PlayerList.java:173)

[13:35:22] [Server thread/WARN]: 	at net.minecraft.server.v1_8_R3.LoginListener.b(LoginListener.java:144)

[13:35:22] [Server thread/WARN]: 	at net.minecraft.server.v1_8_R3.LoginListener.c(LoginListener.java:54)

[13:35:22] [Server thread/WARN]: 	at net.minecraft.server.v1_8_R3.NetworkManager.a(NetworkManager.java:231)

[13:35:22] [Server thread/WARN]: 	at net.minecraft.server.v1_8_R3.ServerConnection.c(ServerConnection.java:148)

[13:35:22] [Server thread/WARN]: 	at net.minecraft.server.v1_8_R3.MinecraftServer.B(MinecraftServer.java:875)

[13:35:22] [Server thread/WARN]: 	at net.minecraft.server.v1_8_R3.DedicatedServer.B(DedicatedServer.java:378)

[13:35:22] [Server thread/WARN]: 	at net.minecraft.server.v1_8_R3.MinecraftServer.A(MinecraftServer.java:713)

[13:35:22] [Server thread/WARN]: 	at net.minecraft.server.v1_8_R3.MinecraftServer.run(MinecraftServer.java:616)

[13:35:22] [Server thread/WARN]: 	at java.base/java.lang.Thread.run(Thread.java:1583)

[13:35:22] [Server thread/WARN]: Caused by: while parsing a block mapping
 in 'string', line 2, column 2:
     OG:
     ^
expected <block end>, but found BlockMappingStart
 in 'string', line 11, column 3:
      Serf:
      ^


[13:35:22] [Server thread/WARN]: 	at org.yaml.snakeyaml.parser.ParserImpl$ParseBlockMappingKey.produce(ParserImpl.java:570)

[13:35:22] [Server thread/WARN]: 	at org.yaml.snakeyaml.parser.ParserImpl.peekEvent(ParserImpl.java:158)

[13:35:22] [Server thread/WARN]: 	at org.yaml.snakeyaml.parser.ParserImpl.checkEvent(ParserImpl.java:143)

[13:35:22] [Server thread/WARN]: 	at org.yaml.snakeyaml.composer.Composer.composeMappingNode(Composer.java:224)

[13:35:22] [Server thread/WARN]: 	at org.yaml.snakeyaml.composer.Composer.composeNode(Composer.java:155)

[13:35:22] [Server thread/WARN]: 	at org.yaml.snakeyaml.composer.Composer.composeMappingNode(Composer.java:229)

[13:35:22] [Server thread/WARN]: 	at org.yaml.snakeyaml.composer.Composer.composeNode(Composer.java:155)

[13:35:22] [Server thread/WARN]: 	at org.yaml.snakeyaml.composer.Composer.composeDocument(Composer.java:122)

[13:35:22] [Server thread/WARN]: 	at org.yaml.snakeyaml.composer.Composer.getSingleNode(Composer.java:105)

[13:35:22] [Server thread/WARN]: 	at org.yaml.snakeyaml.constructor.BaseConstructor.getSingleData(BaseConstructor.java:120)

[13:35:22] [Server thread/WARN]: 	at org.yaml.snakeyaml.Yaml.loadFromReader(Yaml.java:450)

[13:35:22] [Server thread/WARN]: 	at org.yaml.snakeyaml.Yaml.load(Yaml.java:369)

[13:35:22] [Server thread/WARN]: 	at org.bukkit.configuration.file.YamlConfiguration.loadFromString(YamlConfiguration.java:55)

[13:35:22] [Server thread/WARN]: 	... 21 more

[13:35:22] [Server thread/WARN]: org.bukkit.configuration.InvalidConfigurationException: while parsing a block mapping
 in 'string', line 2, column 2:
     OG:
     ^
expected <block end>, but found BlockMappingStart
 in 'string', line 11, column 3:
      Serf:
      ^


[13:35:22] [Server thread/WARN]: 	at org.bukkit.configuration.file.YamlConfiguration.loadFromString(YamlConfiguration.java:57)

[13:35:22] [Server thread/WARN]: 	at org.bukkit.configuration.file.FileConfiguration.load(FileConfiguration.java:226)

[13:35:22] [Server thread/WARN]: 	at org.bukkit.configuration.file.FileConfiguration.load(FileConfiguration.java:169)

[13:35:22] [Server thread/WARN]: 	at me.winspeednl.PowerRanks.Events.OnJoin.onPlayerJoin(OnJoin.java:50)

[13:35:22] [Server thread/WARN]: 	at java.base/jdk.internal.reflect.DirectMethodHandleAccessor.invoke(DirectMethodHandleAccessor.java:103)

[13:35:22] [Server thread/WARN]: 	at java.base/java.lang.reflect.Method.invoke(Method.java:580)

[13:35:22] [Server thread/WARN]: 	at org.bukkit.plugin.java.JavaPluginLoader$1.execute(JavaPluginLoader.java:300)

[13:35:22] [Server thread/WARN]: 	at co.aikar.timings.TimedEventExecutor.execute(TimedEventExecutor.java:78)

[13:35:22] [Server thread/WARN]: 	at org.bukkit.plugin.RegisteredListener.callEvent(RegisteredListener.java:62)

[13:35:22] [Server thread/WARN]: 	at org.bukkit.plugin.SimplePluginManager.fireEvent(SimplePluginManager.java:517)

[13:35:22] [Server thread/WARN]: 	at org.bukkit.plugin.SimplePluginManager.callEvent(SimplePluginManager.java:502)

[13:35:22] [Server thread/WARN]: 	at net.minecraft.server.v1_8_R3.PlayerList.onPlayerJoin(PlayerList.java:314)

[13:35:22] [Server thread/WARN]: 	at net.minecraft.server.v1_8_R3.PlayerList.a(PlayerList.java:173)

[13:35:22] [Server thread/WARN]: 	at net.minecraft.server.v1_8_R3.LoginListener.b(LoginListener.java:144)

[13:35:22] [Server thread/WARN]: 	at net.minecraft.server.v1_8_R3.LoginListener.c(LoginListener.java:54)

[13:35:22] [Server thread/WARN]: 	at net.minecraft.server.v1_8_R3.NetworkManager.a(NetworkManager.java:231)

[13:35:22] [Server thread/WARN]: 	at net.minecraft.server.v1_8_R3.ServerConnection.c(ServerConnection.java:148)

[13:35:22] [Server thread/WARN]: 	at net.minecraft.server.v1_8_R3.MinecraftServer.B(MinecraftServer.java:875)

[13:35:22] [Server thread/WARN]: 	at net.minecraft.server.v1_8_R3.DedicatedServer.B(DedicatedServer.java:378)

[13:35:22] [Server thread/WARN]: 	at net.minecraft.server.v1_8_R3.MinecraftServer.A(MinecraftServer.java:713)

[13:35:22] [Server thread/WARN]: 	at net.minecraft.server.v1_8_R3.MinecraftServer.run(MinecraftServer.java:616)

[13:35:22] [Server thread/WARN]: 	at java.base/java.lang.Thread.run(Thread.java:1583)

[13:35:22] [Server thread/WARN]: Caused by: while parsing a block mapping
 in 'string', line 2, column 2:
     OG:
     ^
expected <block end>, but found BlockMappingStart
 in 'string', line 11, column 3:
      Serf:
      ^


[13:35:22] [Server thread/WARN]: 	at org.yaml.snakeyaml.parser.ParserImpl$ParseBlockMappingKey.produce(ParserImpl.java:570)

[13:35:22] [Server thread/WARN]: 	at org.yaml.snakeyaml.parser.ParserImpl.peekEvent(ParserImpl.java:158)

[13:35:22] [Server thread/WARN]: 	at org.yaml.snakeyaml.parser.ParserImpl.checkEvent(ParserImpl.java:143)

[13:35:22] [Server thread/WARN]: 	at org.yaml.snakeyaml.composer.Composer.composeMappingNode(Composer.java:224)

[13:35:22] [Server thread/WARN]: 	at org.yaml.snakeyaml.composer.Composer.composeNode(Composer.java:155)

[13:35:22] [Server thread/WARN]: 	at org.yaml.snakeyaml.composer.Composer.composeMappingNode(Composer.java:229)

[13:35:22] [Server thread/WARN]: 	at org.yaml.snakeyaml.composer.Composer.composeNode(Composer.java:155)

[13:35:22] [Server thread/WARN]: 	at org.yaml.snakeyaml.composer.Composer.composeDocument(Composer.java:122)

[13:35:22] [Server thread/WARN]: 	at org.yaml.snakeyaml.composer.Composer.getSingleNode(Composer.java:105)

[13:35:22] [Server thread/WARN]: 	at org.yaml.snakeyaml.constructor.BaseConstructor.getSingleData(BaseConstructor.java:120)

[13:35:22] [Server thread/WARN]: 	at org.yaml.snakeyaml.Yaml.loadFromReader(Yaml.java:450)

[13:35:22] [Server thread/WARN]: 	at org.yaml.snakeyaml.Yaml.load(Yaml.java:369)

[13:35:22] [Server thread/WARN]: 	at org.bukkit.configuration.file.YamlConfiguration.loadFromString(YamlConfiguration.java:55)

[13:35:22] [Server thread/WARN]: 	... 21 more

[13:35:22] [Server thread/INFO]: smashed_potatoes[/[0:0:0:0:0:0:0:1]:42304] logged in with entity id 181 at ([world]118.0, 70.0, 48.0)
[13:35:49] [Async Chat Thread - #0/INFO]: smashed_potatoes: i still automaticly spawn in spawn[m

[13:36:09] [Async Chat Thread - #0/INFO]: smashed_potatoes: is there a way to first appear in spawn, and when u log in go back to ur old place?[m

[13:36:17] [Async Chat Thread - #0/INFO]: Mandalorian: ye[m

[13:36:21] [Async Chat Thread - #0/INFO]: Mandalorian: ./back[m

[13:36:25] [Async Chat Thread - #0/INFO]: smashed_potatoes: OH WHAT IF WE MAKE MC UNDERGROUND SPAWN[m

[13:36:25] [Async Chat Thread - #0/INFO]: Mandalorian: mabye?[m

[13:36:28] [Server thread/INFO]: smashed_potatoes issued server command: /back
[13:36:29] [Server thread/INFO]: Mandalorian issued server command: /back
[13:36:37] [Async Chat Thread - #0/INFO]: Mandalorian: ?[m

[13:36:39] [Async Chat Thread - #0/INFO]: smashed_potatoes: brb[m

[13:38:12] [Async Chat Thread - #1/INFO]: smashed_potatoes: back[m

[13:38:16] [Server thread/INFO]: smashed_potatoes issued server command: /back doesnt work
[13:38:19] [Async Chat Thread - #1/INFO]: Mandalorian: wdym[m

[13:38:20] [Async Chat Thread - #1/INFO]: smashed_potatoes: ./back doesnt work[m

[13:38:25] [Async Chat Thread - #1/INFO]: Mandalorian: with spawn[m

[13:38:29] [Async Chat Thread - #1/INFO]: Mandalorian: ok[m

[13:38:38] [Async Chat Thread - #1/INFO]: smashed_potatoes: yeah but when u restart it doesnt record the last point[m

[13:38:40] [Server thread/INFO]: Mandalorian issued server command: /pr set Mandalorian Owner
[13:38:40] [Server thread/WARN]: org.bukkit.configuration.InvalidConfigurationException: while parsing a block mapping
 in 'string', line 2, column 2:
     OG:
     ^
expected <block end>, but found BlockMappingStart
 in 'string', line 11, column 3:
      Serf:
      ^


[13:38:40] [Server thread/WARN]: 	at org.bukkit.configuration.file.YamlConfiguration.loadFromString(YamlConfiguration.java:57)

[13:38:40] [Server thread/WARN]: 	at org.bukkit.configuration.file.FileConfiguration.load(FileConfiguration.java:226)

[13:38:40] [Server thread/WARN]: 	at org.bukkit.configuration.file.FileConfiguration.load(FileConfiguration.java:169)

[13:38:40] [Server thread/WARN]: 	at me.winspeednl.PowerRanks.Data.Users.setGroup(Users.java:32)

[13:38:40] [Server thread/WARN]: 	at me.winspeednl.PowerRanks.Commands.Cmd.onCommand(Cmd.java:71)

[13:38:40] [Server thread/WARN]: 	at org.bukkit.command.PluginCommand.execute(PluginCommand.java:45)

[13:38:40] [Server thread/WARN]: 	at org.bukkit.command.SimpleCommandMap.dispatch(SimpleCommandMap.java:146)

[13:38:40] [Server thread/WARN]: 	at org.bukkit.craftbukkit.v1_8_R3.CraftServer.dispatchCommand(CraftServer.java:666)

[13:38:40] [Server thread/WARN]: 	at net.minecraft.server.v1_8_R3.PlayerConnection.handleCommand(PlayerConnection.java:1189)

[13:38:40] [Server thread/WARN]: 	at net.minecraft.server.v1_8_R3.PlayerConnection.a(PlayerConnection.java:1001)

[13:38:40] [Server thread/WARN]: 	at net.minecraft.server.v1_8_R3.PacketPlayInChat.a(PacketPlayInChat.java:45)

[13:38:40] [Server thread/WARN]: 	at net.minecraft.server.v1_8_R3.PacketPlayInChat.a(PacketPlayInChat.java:1)

[13:38:40] [Server thread/WARN]: 	at net.minecraft.server.v1_8_R3.PlayerConnectionUtils$1.run(SourceFile:13)

[13:38:40] [Server thread/WARN]: 	at java.base/java.util.concurrent.Executors$RunnableAdapter.call(Executors.java:572)

[13:38:40] [Server thread/WARN]: 	at java.base/java.util.concurrent.FutureTask.run(FutureTask.java:317)

[13:38:40] [Server thread/WARN]: 	at net.minecraft.server.v1_8_R3.SystemUtils.a(SourceFile:44)

[13:38:40] [Server thread/WARN]: 	at net.minecraft.server.v1_8_R3.MinecraftServer.B(MinecraftServer.java:774)

[13:38:40] [Server thread/WARN]: 	at net.minecraft.server.v1_8_R3.DedicatedServer.B(DedicatedServer.java:378)

[13:38:40] [Server thread/WARN]: 	at net.minecraft.server.v1_8_R3.MinecraftServer.A(MinecraftServer.java:713)

[13:38:40] [Server thread/WARN]: 	at net.minecraft.server.v1_8_R3.MinecraftServer.run(MinecraftServer.java:616)

[13:38:40] [Server thread/WARN]: 	at java.base/java.lang.Thread.run(Thread.java:1583)

[13:38:40] [Server thread/WARN]: Caused by: while parsing a block mapping
 in 'string', line 2, column 2:
     OG:
     ^
expected <block end>, but found BlockMappingStart
 in 'string', line 11, column 3:
      Serf:
      ^


[13:38:40] [Server thread/WARN]: 	at org.yaml.snakeyaml.parser.ParserImpl$ParseBlockMappingKey.produce(ParserImpl.java:570)

[13:38:40] [Server thread/WARN]: 	at org.yaml.snakeyaml.parser.ParserImpl.peekEvent(ParserImpl.java:158)

[13:38:40] [Server thread/WARN]: 	at org.yaml.snakeyaml.parser.ParserImpl.checkEvent(ParserImpl.java:143)

[13:38:40] [Server thread/WARN]: 	at org.yaml.snakeyaml.composer.Composer.composeMappingNode(Composer.java:224)

[13:38:40] [Server thread/WARN]: 	at org.yaml.snakeyaml.composer.Composer.composeNode(Composer.java:155)

[13:38:40] [Server thread/WARN]: 	at org.yaml.snakeyaml.composer.Composer.composeMappingNode(Composer.java:229)

[13:38:40] [Server thread/WARN]: 	at org.yaml.snakeyaml.composer.Composer.composeNode(Composer.java:155)

[13:38:40] [Server thread/WARN]: 	at org.yaml.snakeyaml.composer.Composer.composeDocument(Composer.java:122)

[13:38:40] [Server thread/WARN]: 	at org.yaml.snakeyaml.composer.Composer.getSingleNode(Composer.java:105)

[13:38:40] [Server thread/WARN]: 	at org.yaml.snakeyaml.constructor.BaseConstructor.getSingleData(BaseConstructor.java:120)

[13:38:40] [Server thread/WARN]: 	at org.yaml.snakeyaml.Yaml.loadFromReader(Yaml.java:450)

[13:38:40] [Server thread/WARN]: 	at org.yaml.snakeyaml.Yaml.load(Yaml.java:369)

[13:38:40] [Server thread/WARN]: 	at org.bukkit.configuration.file.YamlConfiguration.loadFromString(YamlConfiguration.java:55)

[13:38:40] [Server thread/WARN]: 	... 20 more

[13:38:51] [Async Chat Thread - #1/INFO]: Mandalorian: :([m

[13:38:54] [Server thread/INFO]: Mandalorian issued server command: /pr set Mandalorian Owner
[13:38:54] [Server thread/WARN]: org.bukkit.configuration.InvalidConfigurationException: while parsing a block mapping
 in 'string', line 2, column 2:
     OG:
     ^
expected <block end>, but found BlockMappingStart
 in 'string', line 11, column 3:
      Serf:
      ^


[13:38:54] [Server thread/WARN]: 	at org.bukkit.configuration.file.YamlConfiguration.loadFromString(YamlConfiguration.java:57)

[13:38:54] [Server thread/WARN]: 	at org.bukkit.configuration.file.FileConfiguration.load(FileConfiguration.java:226)

[13:38:54] [Server thread/WARN]: 	at org.bukkit.configuration.file.FileConfiguration.load(FileConfiguration.java:169)

[13:38:54] [Server thread/WARN]: 	at me.winspeednl.PowerRanks.Data.Users.setGroup(Users.java:32)

[13:38:54] [Server thread/WARN]: 	at me.winspeednl.PowerRanks.Commands.Cmd.onCommand(Cmd.java:71)

[13:38:54] [Server thread/WARN]: 	at org.bukkit.command.PluginCommand.execute(PluginCommand.java:45)

[13:38:54] [Server thread/WARN]: 	at org.bukkit.command.SimpleCommandMap.dispatch(SimpleCommandMap.java:146)

[13:38:54] [Server thread/WARN]: 	at org.bukkit.craftbukkit.v1_8_R3.CraftServer.dispatchCommand(CraftServer.java:666)

[13:38:54] [Server thread/WARN]: 	at net.minecraft.server.v1_8_R3.PlayerConnection.handleCommand(PlayerConnection.java:1189)

[13:38:54] [Server thread/WARN]: 	at net.minecraft.server.v1_8_R3.PlayerConnection.a(PlayerConnection.java:1001)

[13:38:54] [Server thread/WARN]: 	at net.minecraft.server.v1_8_R3.PacketPlayInChat.a(PacketPlayInChat.java:45)

[13:38:54] [Server thread/WARN]: 	at net.minecraft.server.v1_8_R3.PacketPlayInChat.a(PacketPlayInChat.java:1)

[13:38:54] [Server thread/WARN]: 	at net.minecraft.server.v1_8_R3.PlayerConnectionUtils$1.run(SourceFile:13)

[13:38:54] [Server thread/WARN]: 	at java.base/java.util.concurrent.Executors$RunnableAdapter.call(Executors.java:572)

[13:38:54] [Server thread/WARN]: 	at java.base/java.util.concurrent.FutureTask.run(FutureTask.java:317)

[13:38:54] [Server thread/WARN]: 	at net.minecraft.server.v1_8_R3.SystemUtils.a(SourceFile:44)

[13:38:54] [Server thread/WARN]: 	at net.minecraft.server.v1_8_R3.MinecraftServer.B(MinecraftServer.java:774)

[13:38:54] [Server thread/WARN]: 	at net.minecraft.server.v1_8_R3.DedicatedServer.B(DedicatedServer.java:378)

[13:38:54] [Server thread/WARN]: 	at net.minecraft.server.v1_8_R3.MinecraftServer.A(MinecraftServer.java:713)

[13:38:54] [Server thread/WARN]: 	at net.minecraft.server.v1_8_R3.MinecraftServer.run(MinecraftServer.java:616)

[13:38:54] [Server thread/WARN]: 	at java.base/java.lang.Thread.run(Thread.java:1583)

[13:38:54] [Server thread/WARN]: Caused by: while parsing a block mapping
 in 'string', line 2, column 2:
     OG:
     ^
expected <block end>, but found BlockMappingStart
 in 'string', line 11, column 3:
      Serf:
      ^


[13:38:54] [Server thread/WARN]: 	at org.yaml.snakeyaml.parser.ParserImpl$ParseBlockMappingKey.produce(ParserImpl.java:570)

[13:38:54] [Server thread/WARN]: 	at org.yaml.snakeyaml.parser.ParserImpl.peekEvent(ParserImpl.java:158)

[13:38:54] [Server thread/WARN]: 	at org.yaml.snakeyaml.parser.ParserImpl.checkEvent(ParserImpl.java:143)

[13:38:54] [Server thread/WARN]: 	at org.yaml.snakeyaml.composer.Composer.composeMappingNode(Composer.java:224)

[13:38:54] [Server thread/WARN]: 	at org.yaml.snakeyaml.composer.Composer.composeNode(Composer.java:155)

[13:38:54] [Server thread/WARN]: 	at org.yaml.snakeyaml.composer.Composer.composeMappingNode(Composer.java:229)

[13:38:54] [Server thread/WARN]: 	at org.yaml.snakeyaml.composer.Composer.composeNode(Composer.java:155)

[13:38:54] [Server thread/WARN]: 	at org.yaml.snakeyaml.composer.Composer.composeDocument(Composer.java:122)

[13:38:54] [Server thread/WARN]: 	at org.yaml.snakeyaml.composer.Composer.getSingleNode(Composer.java:105)

[13:38:54] [Server thread/WARN]: 	at org.yaml.snakeyaml.constructor.BaseConstructor.getSingleData(BaseConstructor.java:120)

[13:38:54] [Server thread/WARN]: 	at org.yaml.snakeyaml.Yaml.loadFromReader(Yaml.java:450)

[13:38:54] [Server thread/WARN]: 	at org.yaml.snakeyaml.Yaml.load(Yaml.java:369)

[13:38:54] [Server thread/WARN]: 	at org.bukkit.configuration.file.YamlConfiguration.loadFromString(YamlConfiguration.java:55)

[13:38:54] [Server thread/WARN]: 	... 20 more

[13:38:58] [Async Chat Thread - #1/INFO]: smashed_potatoes: whats up[m

[13:39:01] [Server thread/INFO]: Mandalorian issued server command: /pr help
[13:39:04] [Async Chat Thread - #1/INFO]: Mandalorian: problemo[m

[13:39:12] [Server thread/INFO]: Mandalorian issued server command: /pr check Mandalorian
[13:39:12] [Async Chat Thread - #1/INFO]: smashed_potatoes: nahh dont stress out[m

[13:39:27] [Async Chat Thread - #1/INFO]: smashed_potatoes: do we make the MCA in the spawn underground or not?[m

[13:39:40] [Async Chat Thread - #1/INFO]: Mandalorian: actualy[m

[13:39:47] [Async Chat Thread - #1/INFO]: Mandalorian: i dont think so[m

[13:39:54] [Async Chat Thread - #1/INFO]: smashed_potatoes: kkk then where[m

[13:39:58] [Async Chat Thread - #1/INFO]: Mandalorian: its kinda[m

[13:40:09] [Async Chat Thread - #1/INFO]: Mandalorian: abuse[m

[13:40:15] [Async Chat Thread - #1/INFO]: smashed_potatoes: of spawn? kinda[m

[13:40:17] [Server thread/INFO]: Mandalorian issued server command: /kit create Start
[13:40:20] [Async Chat Thread - #1/INFO]: Mandalorian: y[m

[13:40:23] [Server thread/INFO]: Mandalorian issued server command: /kits
[13:40:25] [Server thread/INFO]: [0;30;1m[[0;31;22mPlayerKits[0;30;1m] [0;37;22mSound Name: [0;31;1mENTITY_PLAYER_LEVELUP [0;37;22mis not valid. Change the name of the sound corresponding to your Minecraft version.[m

[13:40:32] [Async Chat Thread - #1/INFO]: smashed_potatoes: what if we make a museum instead and the MCA anywhere else?[m

[13:40:40] [Async Chat Thread - #1/INFO]: Mandalorian: yes[m

[13:40:44] [Async Chat Thread - #1/INFO]: smashed_potatoes: kk[m

[13:40:47] [Server thread/INFO]: Mandalorian issued server command: /kits
[13:40:58] [Server thread/INFO]: Mandalorian issued server command: /kit help
[13:40:59] [Async Chat Thread - #1/INFO]: smashed_potatoes: k i just checked u can parkour to the entrance[m

[13:41:04] [Server thread/INFO]: Mandalorian issued server command: /kit delete Starter
[13:41:08] [Async Chat Thread - #1/INFO]: smashed_potatoes: of the treehouse[m

[13:41:14] [Server thread/INFO]: Mandalorian issued server command: /kit edit Start
[13:42:02] [Async Chat Thread - #1/INFO]: smashed_potatoes: k treehouse donew[m

[13:42:10] [Async Chat Thread - #1/INFO]: smashed_potatoes: can i do /fill?[m

[13:42:13] [Server thread/INFO]: Mandalorian issued server command: /kit edit Start
[13:42:13] [Server thread/INFO]: smashed_potatoes issued server command: /fill
[13:43:44] [Server thread/INFO]: Mandalorian issued server command: /kits
[13:43:47] [Server thread/INFO]: [0;30;1m[[0;31;22mPlayerKits[0;30;1m] [0;37;22mSound Name: [0;31;1mENTITY_PLAYER_LEVELUP [0;37;22mis not valid. Change the name of the sound corresponding to your Minecraft version.[m

[13:43:47] [Server thread/INFO]: [Server] Welcome Mandalorian!
[13:43:53] [Async Chat Thread - #1/INFO]: smashed_potatoes: thats cool[m

[13:43:54] [Server thread/INFO]: Mandalorian issued server command: /clear
[13:43:54] [Server thread/INFO]: [Mandalorian: Cleared the inventory of Mandalorian, removing 14 items]
[13:43:57] [Async Chat Thread - #1/INFO]: Mandalorian: YESS[m

[13:44:08] [Async Chat Thread - #1/INFO]: Mandalorian: i got the kit working[m

[13:44:17] [Async Chat Thread - #1/INFO]: Mandalorian: just join on a new name[m

[13:44:20] [Async Chat Thread - #1/INFO]: Mandalorian: and itl work[m

[13:44:26] [Async Chat Thread - #1/INFO]: Mandalorian: u get a kit[m

[13:44:29] [Async Chat Thread - #1/INFO]: Mandalorian: starter[m

[13:44:34] [Async Chat Thread - #1/INFO]: Mandalorian: and a message[m

[13:44:58] [Async Chat Thread - #1/INFO]: Mandalorian: Smashed pot????[m

[13:45:06] [Async Chat Thread - #1/INFO]: smashed_potatoes: back[m

[13:45:11] [Async Chat Thread - #1/INFO]: smashed_potatoes: YESSIRRR[m

[13:45:12] [Async Chat Thread - #1/INFO]: Mandalorian: read above[m

[13:45:16] [Async Chat Thread - #1/INFO]: Mandalorian: YESS[m

[13:45:28] [Async Chat Thread - #1/INFO]: smashed_potatoes: but will it give it to you everytime u login?[m

[13:45:33] [Async Chat Thread - #1/INFO]: Mandalorian: no[m

[13:45:36] [Async Chat Thread - #1/INFO]: Mandalorian: first join[m

[13:45:43] [Async Chat Thread - #1/INFO]: smashed_potatoes: perfect[m

[13:45:47] [Async Chat Thread - #1/INFO]: Mandalorian: so that why we dont get it[m

[13:45:51] [Async Chat Thread - #1/INFO]: smashed_potatoes: do it everytime they register[m

[13:46:48] [Async Chat Thread - #1/INFO]: Mandalorian: WOOW[m

[13:46:55] [Async Chat Thread - #1/INFO]: Mandalorian: ? wdym[m

[13:47:19] [Async Chat Thread - #1/INFO]: Mandalorian: wdym[m

[13:47:22] [Async Chat Thread - #1/INFO]: smashed_potatoes: like if u register u get the kit[m

[13:47:26] [Async Chat Thread - #1/INFO]: Mandalorian: No[m

[13:47:32] [Async Chat Thread - #1/INFO]: Mandalorian: on first join is better[m

[13:47:37] [Async Chat Thread - #1/INFO]: smashed_potatoes: kk[m

[13:48:10] [Server thread/INFO]: Mandalorian issued server command: /claim
[13:48:23] [Async Chat Thread - #1/INFO]: Mandalorian: afk brb[m

[13:48:26] [Async Chat Thread - #1/INFO]: smashed_potatoes: kk[m

[13:48:37] [Async Chat Thread - #1/INFO]: Mandalorian: just tryy a new acc[m

[13:48:41] [Async Chat Thread - #1/INFO]: smashed_potatoes: al[m

[13:52:59] [Server thread/INFO]: smashed_potatoes issued server command: /fill
[13:53:18] [Server thread/INFO]: smashed_potatoes issued server command: /fill 88 65 19 147 66 77 air
[13:53:18] [Server thread/INFO]: [smashed_potatoes: 6895 blocks filled]
[13:53:45] [Server thread/INFO]: smashed_potatoes issued server command: /fill 88 65 19 147 67 77 air
[13:53:45] [Server thread/INFO]: [smashed_potatoes: 3358 blocks filled]
[13:54:39] [Async Chat Thread - #2/INFO]: smashed_potatoes: ill go have lunch[m

[13:54:56] [Server thread/INFO]: smashed_potatoes lost connection: Disconnected
[13:54:56] [Server thread/INFO]: smashed_potatoes left the game.
[13:55:58] [Server thread/INFO]: Mandalorian lost connection: Disconnected
[13:55:58] [Server thread/INFO]: Mandalorian left the game.
